<?xml version="1.0" encoding="UTF-8"?>
<!-- Generated by org.testng.reporters.JUnitXMLReporter -->
<testsuite ignored="0" hostname="DESKTOP-AANA9BE" failures="1" tests="1" name="Default test" time="12.744" errors="0" timestamp="2023-02-23T10:59:25 IST">
  <testcase classname="io.cucumber.testng.AbstractTestNGCucumberTests" name="runScenario" time="0.626">
    <failure type="java.lang.NullPointerException" message="Cannot invoke &amp;quot;org.openqa.selenium.WebDriver.get(String)&amp;quot; because &amp;quot;StepDefinitions.DashBoardPageStepDefinition.driver&amp;quot; is null">
      <![CDATA[java.lang.NullPointerException: Cannot invoke "org.openqa.selenium.WebDriver.get(String)" because "StepDefinitions.DashBoardPageStepDefinition.driver" is null
at StepDefinitions.DashBoardPageStepDefinition.i_want_to_be_in_page(DashBoardPageStepDefinition.java:30)
at ✽.I want to be in "https://www.redbus.in/" page(file:///C:/Users/kumaran/eclipse-workspace/SampleProjects/cucumberBDD/RedBus/src/test/resources/Features/DashBoardPage.feature:8)
]]>
    </failure>
  </testcase> <!-- runScenario -->
</testsuite> <!-- Default test -->
