<?xml version="1.0" encoding="UTF-8"?>
<testng-results ignored="0" total="1" passed="0" failed="1" skipped="0">
  <reporter-output>
  </reporter-output>
  <suite started-at="2023-02-23T10:59:12 IST" name="Default suite" finished-at="2023-02-23T10:59:25 IST" duration-ms="12744">
    <groups>
      <group name="cucumber">
        <method signature="AbstractTestNGCucumberTests.runScenario(io.cucumber.testng.PickleWrapper,io.cucumber.testng.FeatureWrapper)[pri:0, instance:TestRunner.TestNgRunner@2eae8e6e]" name="runScenario" class="io.cucumber.testng.AbstractTestNGCucumberTests"/>
      </group> <!-- cucumber -->
    </groups>
    <test started-at="2023-02-23T10:59:12 IST" name="Default test" finished-at="2023-02-23T10:59:25 IST" duration-ms="12744">
      <class name="TestRunner.TestNgRunner">
        <test-method is-config="true" signature="setUpClass(org.testng.ITestContext)[pri:0, instance:TestRunner.TestNgRunner@2eae8e6e]" started-at="2023-02-23T10:59:12 IST" name="setUpClass" finished-at="2023-02-23T10:59:14 IST" duration-ms="2344" status="PASS">
          <params>
            <param index="0">
              <value>
                <![CDATA[org.testng.TestRunner@10b4e7f8]]>
              </value>
            </param>
          </params>
          <reporter-output>
          </reporter-output>
        </test-method> <!-- setUpClass -->
        <test-method signature="runScenario(io.cucumber.testng.PickleWrapper,io.cucumber.testng.FeatureWrapper)[pri:0, instance:TestRunner.TestNgRunner@2eae8e6e]" started-at="2023-02-23T10:59:14 IST" name="runScenario" description="Runs Cucumber Scenarios" data-provider="scenarios" finished-at="2023-02-23T10:59:15 IST" duration-ms="626" status="FAIL">
          <params>
            <param index="0">
              <value>
                <![CDATA["select the location and date to book bus"]]>
              </value>
            </param>
            <param index="1">
              <value>
                <![CDATA["As a user to book ticket"]]>
              </value>
            </param>
          </params>
          <exception class="java.lang.NullPointerException">
            <message>
              <![CDATA[Cannot invoke "org.openqa.selenium.WebDriver.get(String)" because "StepDefinitions.DashBoardPageStepDefinition.driver" is null]]>
            </message>
            <full-stacktrace>
              <![CDATA[java.lang.NullPointerException: Cannot invoke "org.openqa.selenium.WebDriver.get(String)" because "StepDefinitions.DashBoardPageStepDefinition.driver" is null
at StepDefinitions.DashBoardPageStepDefinition.i_want_to_be_in_page(DashBoardPageStepDefinition.java:30)
at ✽.I want to be in "https://www.redbus.in/" page(file:///C:/Users/kumaran/eclipse-workspace/SampleProjects/cucumberBDD/RedBus/src/test/resources/Features/DashBoardPage.feature:8)
]]>
            </full-stacktrace>
          </exception> <!-- java.lang.NullPointerException -->
          <reporter-output>
          </reporter-output>
        </test-method> <!-- runScenario -->
        <test-method is-config="true" signature="tearDownClass()[pri:0, instance:TestRunner.TestNgRunner@2eae8e6e]" started-at="2023-02-23T10:59:15 IST" name="tearDownClass" finished-at="2023-02-23T10:59:25 IST" duration-ms="9685" status="PASS">
          <reporter-output>
          </reporter-output>
        </test-method> <!-- tearDownClass -->
      </class> <!-- TestRunner.TestNgRunner -->
    </test> <!-- Default test -->
  </suite> <!-- Default suite -->
</testng-results>
