<?xml version="1.0" encoding="UTF-8"?>
<!-- Generated by org.testng.reporters.JUnitReportReporter -->
<testsuite hostname="DESKTOP-AANA9BE" failures="0" tests="1" name="TestRunner.TestNgRunner" time="0.626" errors="1" timestamp="2023-02-23T10:59:25 IST" skipped="0">
  <testcase classname="TestRunner.TestNgRunner" name="runScenario" time="0.626">
    <error message="Cannot invoke &quot;org.openqa.selenium.WebDriver.get(String)&quot; because &quot;StepDefinitions.DashBoardPageStepDefinition.driver&quot; is null" type="java.lang.NullPointerException">
      <![CDATA[java.lang.NullPointerException: Cannot invoke "org.openqa.selenium.WebDriver.get(String)" because "StepDefinitions.DashBoardPageStepDefinition.driver" is null
at StepDefinitions.DashBoardPageStepDefinition.i_want_to_be_in_page(DashBoardPageStepDefinition.java:30)
at ✽.I want to be in "https://www.redbus.in/" page(file:///C:/Users/kumaran/eclipse-workspace/SampleProjects/cucumberBDD/RedBus/src/test/resources/Features/DashBoardPage.feature:8)
]]>
    </error>
  </testcase> <!-- runScenario -->
  <system-out/>
</testsuite> <!-- TestRunner.TestNgRunner -->
